\BOOKMARK [0][-]{chapter.1}{\376\377\000P\000r\000e\000p\000r\000o\000c\000e\000s\000s\000i\000n\000g\000\040\000M\000o\000d\000u\000l\000e}{}% 1
\BOOKMARK [1][-]{section.1.1}{\376\377\000T\000h\000e\000\040\000c\000r\000e\000a\000t\000e\000\137\000g\000r\000a\000p\000h\000\040\000f\000u\000n\000c\000t\000i\000o\000n}{chapter.1}% 2
\BOOKMARK [2][-]{subsection.1.1.1}{\376\377\000P\000a\000r\000a\000m\000e\000t\000e\000r\000s}{section.1.1}% 3
\BOOKMARK [2][-]{subsection.1.1.2}{\376\377\000R\000e\000t\000u\000r\000n\000s}{section.1.1}% 4
\BOOKMARK [1][-]{section.1.2}{\376\377\000T\000h\000e\000\040\000r\000e\000m\000o\000v\000e\000\137\000e\000m\000p\000t\000y\000\137\000a\000x\000i\000s\000\040\000f\000u\000n\000c\000t\000i\000o\000n}{chapter.1}% 5
\BOOKMARK [2][-]{subsection.1.2.1}{\376\377\000P\000a\000r\000a\000m\000e\000t\000e\000r\000s}{section.1.2}% 6
\BOOKMARK [2][-]{subsection.1.2.2}{\376\377\000R\000e\000t\000u\000r\000n\000s}{section.1.2}% 7
\BOOKMARK [1][-]{section.1.3}{\376\377\000T\000h\000e\000\040\000e\000x\000t\000r\000a\000c\000t\000\137\000d\000i\000a\000g\000o\000n\000a\000l\000\137\000b\000l\000o\000c\000k\000s\000\040\000f\000u\000n\000c\000t\000i\000o\000n}{chapter.1}% 8
\BOOKMARK [2][-]{subsection.1.3.1}{\376\377\000P\000a\000r\000a\000m\000e\000t\000e\000r\000s}{section.1.3}% 9
\BOOKMARK [2][-]{subsection.1.3.2}{\376\377\000R\000e\000t\000u\000r\000n\000s}{section.1.3}% 10
\BOOKMARK [1][-]{section.1.4}{\376\377\000T\000h\000e\000\040\000g\000e\000t\000\137\000c\000h\000r\000o\000m\000o\000s\000o\000m\000e\000\137\000l\000i\000s\000t\000\040\000f\000u\000n\000c\000t\000i\000o\000n}{chapter.1}% 11
\BOOKMARK [2][-]{subsection.1.4.1}{\376\377\000P\000a\000r\000a\000m\000e\000t\000e\000r\000s}{section.1.4}% 12
\BOOKMARK [2][-]{subsection.1.4.2}{\376\377\000R\000e\000t\000u\000r\000n\000s}{section.1.4}% 13
\BOOKMARK [1][-]{section.1.5}{\376\377\000T\000h\000e\000\040\000o\000o\000e\000\137\000n\000o\000r\000m\000a\000l\000i\000z\000a\000t\000i\000o\000n\000\040\000f\000u\000n\000c\000t\000i\000o\000n}{chapter.1}% 14
\BOOKMARK [2][-]{subsection.1.5.1}{\376\377\000P\000a\000r\000a\000m\000e\000t\000e\000r\000s}{section.1.5}% 15
\BOOKMARK [2][-]{subsection.1.5.2}{\376\377\000R\000e\000t\000u\000r\000n\000s}{section.1.5}% 16
\BOOKMARK [1][-]{section.1.6}{\376\377\000T\000h\000e\000\040\000b\000u\000i\000l\000d\000\137\000p\000r\000o\000j\000e\000c\000t\000o\000r\000s\000\040\000f\000u\000n\000c\000t\000i\000o\000n}{chapter.1}% 17
\BOOKMARK [2][-]{subsection.1.6.1}{\376\377\000P\000a\000r\000a\000m\000e\000t\000e\000r\000s}{section.1.6}% 18
\BOOKMARK [2][-]{subsection.1.6.2}{\376\377\000R\000e\000t\000u\000r\000n\000s}{section.1.6}% 19
\BOOKMARK [1][-]{section.1.7}{\376\377\000T\000h\000e\000\040\000r\000e\000c\000o\000n\000s\000t\000r\000u\000c\000t\000\137\000m\000a\000t\000r\000i\000x\000\040\000f\000u\000n\000c\000t\000i\000o\000n}{chapter.1}% 20
\BOOKMARK [2][-]{subsection.1.7.1}{\376\377\000P\000a\000r\000a\000m\000e\000t\000e\000r\000s}{section.1.7}% 21
\BOOKMARK [2][-]{subsection.1.7.2}{\376\377\000R\000e\000t\000u\000r\000n\000s}{section.1.7}% 22
\BOOKMARK [2][-]{subsection.1.7.3}{\376\377\000R\000a\000i\000s\000e\000s}{section.1.7}% 23
\BOOKMARK [0][-]{chapter.2}{\376\377\000V\000i\000s\000u\000a\000l\000i\000z\000e\000g\000r\000a\000p\000h\000\040\000M\000o\000d\000u\000l\000e}{}% 24
\BOOKMARK [1][-]{section.2.1}{\376\377\000T\000h\000e\000\040\000w\000e\000i\000g\000h\000t\000s\000\137\000d\000i\000s\000t\000r\000i\000b\000u\000i\000o\000n\000\040\000f\000u\000n\000c\000t\000i\000o\000n}{chapter.2}% 25
\BOOKMARK [2][-]{subsection.2.1.1}{\376\377\000P\000a\000r\000a\000m\000e\000t\000e\000r\000s}{section.2.1}% 26
\BOOKMARK [1][-]{section.2.2}{\376\377\000T\000h\000e\000\040\000d\000e\000g\000r\000e\000e\000\137\000d\000i\000s\000t\000r\000i\000b\000u\000t\000i\000o\000n\000\040\000f\000u\000n\000c\000t\000i\000o\000n}{chapter.2}% 27
\BOOKMARK [2][-]{subsection.2.2.1}{\376\377\000P\000a\000r\000a\000m\000e\000t\000e\000r\000s}{section.2.2}% 28
\BOOKMARK [1][-]{section.2.3}{\376\377\000T\000h\000e\000\040\000p\000l\000o\000t\000\137\000c\000h\000r\000o\000m\000o\000s\000o\000m\000e\000\137\000h\000i\000c\000s\000\040\000f\000u\000n\000c\000t\000i\000o\000n}{chapter.2}% 29
\BOOKMARK [2][-]{subsection.2.3.1}{\376\377\000P\000a\000r\000a\000m\000e\000t\000e\000r\000s}{section.2.3}% 30
\BOOKMARK [1][-]{section.2.4}{\376\377\000T\000h\000e\000\040\000p\000l\000o\000t\000\137\000c\000h\000r\000o\000m\000o\000s\000o\000m\000e\000s\000\137\000h\000i\000s\000t\000o\000g\000r\000a\000m\000s\000\040\000f\000u\000n\000c\000t\000i\000o\000n}{chapter.2}% 31
\BOOKMARK [2][-]{subsection.2.4.1}{\376\377\000P\000a\000r\000a\000m\000e\000t\000e\000r\000s}{section.2.4}% 32
\BOOKMARK [1][-]{section.2.5}{\376\377\000T\000h\000e\000\040\000p\000l\000o\000t\000\137\000m\000a\000t\000r\000i\000x\000\040\000f\000u\000n\000c\000t\000i\000o\000n}{chapter.2}% 33
\BOOKMARK [2][-]{subsection.2.5.1}{\376\377\000P\000a\000r\000a\000m\000e\000t\000e\000r\000s}{section.2.5}% 34
\BOOKMARK [1][-]{section.2.6}{\376\377\000T\000h\000e\000\040\000s\000c\000a\000t\000t\000e\000r\000\137\000p\000l\000o\000t\000\040\000f\000u\000n\000c\000t\000i\000o\000n}{chapter.2}% 35
\BOOKMARK [2][-]{subsection.2.6.1}{\376\377\000P\000a\000r\000a\000m\000e\000t\000e\000r\000s}{section.2.6}% 36
\BOOKMARK [1][-]{section.2.7}{\376\377\000T\000h\000e\000\040\000h\000i\000s\000t\000o\000g\000r\000a\000m\000\040\000f\000u\000n\000c\000t\000i\000o\000n}{chapter.2}% 37
\BOOKMARK [2][-]{subsection.2.7.1}{\376\377\000P\000a\000r\000a\000m\000e\000t\000e\000r\000s}{section.2.7}% 38
\BOOKMARK [1][-]{section.2.8}{\376\377\000T\000h\000e\000\040\000s\000h\000o\000w\000\137\0001\0000\000\137\000p\000r\000o\000j\000e\000c\000t\000o\000r\000s\000\040\000f\000u\000n\000c\000t\000i\000o\000n}{chapter.2}% 39
\BOOKMARK [2][-]{subsection.2.8.1}{\376\377\000P\000a\000r\000a\000m\000e\000t\000e\000r\000s}{section.2.8}% 40
\BOOKMARK [1][-]{section.2.9}{\376\377\000T\000h\000e\000\040\000p\000l\000o\000t\000\137\000m\000a\000t\000r\000i\000x\000\137\000c\000o\000m\000p\000a\000r\000i\000s\000o\000n\000\040\000f\000u\000n\000c\000t\000i\000o\000n}{chapter.2}% 41
\BOOKMARK [2][-]{subsection.2.9.1}{\376\377\000P\000a\000r\000a\000m\000e\000t\000e\000r\000s}{section.2.9}% 42
\BOOKMARK [0][-]{chapter.3}{\376\377\000I\000n\000d\000i\000c\000e\000s\000\040\000a\000n\000d\000\040\000t\000a\000b\000l\000e\000s}{}% 43
\BOOKMARK [0][-]{section*.19}{\376\377\000I\000n\000d\000e\000x}{}% 44
